2021-04-24 00:03:01,119 INFO org.springframework.boot.StartupInfoLogger [main] Starting SuperstoreApplicationTests on LAPTOP-FP54SNAK with PID 4852 (started by HP in E:\JWND\ecom)
2021-04-24 00:03:01,171 INFO org.springframework.boot.SpringApplication [main] No active profile set, falling back to default profiles: default
2021-04-24 00:03:02,995 INFO org.springframework.data.repository.config.RepositoryConfigurationDelegate [main] Bootstrapping Spring Data repositories in DEFAULT mode.
2021-04-24 00:03:03,129 INFO org.springframework.data.repository.config.RepositoryConfigurationDelegate [main] Finished Spring Data repository scanning in 119ms. Found 4 repository interfaces.
2021-04-24 00:03:04,250 INFO org.springframework.context.support.PostProcessorRegistrationDelegate$BeanPostProcessorChecker [main] Bean 'org.springframework.transaction.annotation.ProxyTransactionManagementConfiguration' of type [org.springframework.transaction.annotation.ProxyTransactionManagementConfiguration$$EnhancerBySpringCGLIB$$c8eabe8f] is not eligible for getting processed by all BeanPostProcessors (for example: not eligible for auto-proxying)
2021-04-24 00:03:04,637 INFO com.zaxxer.hikari.HikariDataSource [main] HikariPool-1 - Starting...
2021-04-24 00:03:04,940 INFO com.zaxxer.hikari.HikariDataSource [main] HikariPool-1 - Start completed.
2021-04-24 00:03:05,113 INFO org.hibernate.jpa.internal.util.LogHelper [main] HHH000204: Processing PersistenceUnitInfo [
	name: default
	...]
2021-04-24 00:03:05,257 INFO org.hibernate.Version [main] HHH000412: Hibernate Core {5.3.10.Final}
2021-04-24 00:03:05,261 INFO org.hibernate.cfg.Environment [main] HHH000206: hibernate.properties not found
2021-04-24 00:03:05,508 INFO org.hibernate.annotations.common.reflection.java.JavaReflectionManager [main] HCANN000001: Hibernate Commons Annotations {5.0.4.Final}
2021-04-24 00:03:06,333 INFO org.hibernate.dialect.Dialect [main] HHH000400: Using dialect: org.hibernate.dialect.H2Dialect
2021-04-24 00:03:07,580 INFO org.springframework.orm.jpa.AbstractEntityManagerFactoryBean [main] Initialized JPA EntityManagerFactory for persistence unit 'default'
2021-04-24 00:03:09,084 WARN org.springframework.boot.autoconfigure.orm.jpa.JpaBaseConfiguration$JpaWebConfiguration$JpaWebMvcConfiguration [main] spring.jpa.open-in-view is enabled by default. Therefore, database queries may be performed during view rendering. Explicitly configure spring.jpa.open-in-view to disable this warning
2021-04-24 00:03:09,304 INFO org.springframework.security.web.DefaultSecurityFilterChain [main] Creating filter chain: any request, [org.springframework.security.web.context.request.async.WebAsyncManagerIntegrationFilter@1d57b8f1, org.springframework.security.web.context.SecurityContextPersistenceFilter@3fcc7f5c, org.springframework.security.web.header.HeaderWriterFilter@acb1c9c, org.springframework.web.filter.CorsFilter@6e5af973, org.springframework.security.web.authentication.logout.LogoutFilter@29eaf100, com.example.demo.security.JWTAuthenticationFilter@39a2e77d, com.example.demo.security.JWTAuthenticationVerficationFilter@1aee6983, org.springframework.security.web.savedrequest.RequestCacheAwareFilter@5737d116, org.springframework.security.web.servletapi.SecurityContextHolderAwareRequestFilter@3ebc6d8b, org.springframework.security.web.authentication.AnonymousAuthenticationFilter@3adeca1f, org.springframework.security.web.session.SessionManagementFilter@411933, org.springframework.security.web.access.ExceptionTranslationFilter@339cde4b, org.springframework.security.web.access.intercept.FilterSecurityInterceptor@7b1d2f65]
2021-04-24 00:03:10,212 INFO org.springframework.scheduling.concurrent.ExecutorConfigurationSupport [main] Initializing ExecutorService 'applicationTaskExecutor'
2021-04-24 00:03:10,832 INFO org.springframework.boot.StartupInfoLogger [main] Started SuperstoreApplicationTests in 10.773 seconds (JVM running for 12.881)
2021-04-24 00:03:11,377 ERROR com.example.demo.controllers.OrderController [main] Order cannot be submitted for user test1 , user not found
2021-04-24 00:03:11,382 INFO com.example.demo.controllers.OrderController [main] Order submitted for username test
2021-04-24 00:03:11,453 INFO com.example.demo.controllers.UserController [main] New user test created
2021-04-24 00:03:11,455 ERROR com.example.demo.controllers.UserController [main] Cannot create user test because the password doesn't match confirmPassword.
2021-04-24 00:03:11,465 ERROR com.example.demo.controllers.UserController [main] Cannot create user test because the password is too short.
2021-04-24 00:03:11,482 INFO org.springframework.scheduling.concurrent.ExecutorConfigurationSupport [Thread-3] Shutting down ExecutorService 'applicationTaskExecutor'
2021-04-24 00:03:11,490 INFO org.springframework.orm.jpa.AbstractEntityManagerFactoryBean [Thread-3] Closing JPA EntityManagerFactory for persistence unit 'default'
2021-04-24 00:03:11,514 INFO org.springframework.beans.factory.support.DisposableBeanAdapter [Thread-3] Invocation of destroy method failed on bean with name 'inMemoryDatabaseShutdownExecutor': org.h2.jdbc.JdbcSQLNonTransientConnectionException: Database is already closed (to disable automatic closing at VM shutdown, add ";DB_CLOSE_ON_EXIT=FALSE" to the db URL) [90121-199]
2021-04-24 00:03:11,514 INFO com.zaxxer.hikari.HikariDataSource [Thread-3] HikariPool-1 - Shutdown initiated...
2021-04-24 00:03:11,533 INFO com.zaxxer.hikari.HikariDataSource [Thread-3] HikariPool-1 - Shutdown completed.
2021-04-24 15:51:54,725 INFO org.springframework.boot.StartupInfoLogger [restartedMain] Starting SuperstoreApplication on LAPTOP-FP54SNAK with PID 1656 (E:\JWND\ecom\target\classes started by HP in E:\JWND\ecom)
2021-04-24 15:51:54,731 INFO org.springframework.boot.SpringApplication [restartedMain] No active profile set, falling back to default profiles: default
2021-04-24 15:51:54,840 INFO org.springframework.boot.logging.DeferredLog [restartedMain] Devtools property defaults active! Set 'spring.devtools.add-properties' to 'false' to disable
2021-04-24 15:51:54,842 INFO org.springframework.boot.logging.DeferredLog [restartedMain] For additional web related logging consider setting the 'logging.level.web' property to 'DEBUG'
2021-04-24 15:51:56,011 INFO org.springframework.data.repository.config.RepositoryConfigurationDelegate [restartedMain] Bootstrapping Spring Data repositories in DEFAULT mode.
2021-04-24 15:51:56,110 INFO org.springframework.data.repository.config.RepositoryConfigurationDelegate [restartedMain] Finished Spring Data repository scanning in 87ms. Found 4 repository interfaces.
2021-04-24 15:51:57,199 INFO org.springframework.context.support.PostProcessorRegistrationDelegate$BeanPostProcessorChecker [restartedMain] Bean 'org.springframework.transaction.annotation.ProxyTransactionManagementConfiguration' of type [org.springframework.transaction.annotation.ProxyTransactionManagementConfiguration$$EnhancerBySpringCGLIB$$fcdf7f95] is not eligible for getting processed by all BeanPostProcessors (for example: not eligible for auto-proxying)
2021-04-24 15:51:58,431 INFO org.springframework.boot.web.embedded.tomcat.TomcatWebServer [restartedMain] Tomcat initialized with port(s): 8080 (http)
2021-04-24 15:51:58,464 INFO org.apache.juli.logging.DirectJDKLog [restartedMain] Initializing ProtocolHandler ["http-nio-8080"]
2021-04-24 15:51:58,486 INFO org.apache.juli.logging.DirectJDKLog [restartedMain] Starting service [Tomcat]
2021-04-24 15:51:58,487 INFO org.apache.juli.logging.DirectJDKLog [restartedMain] Starting Servlet engine: [Apache Tomcat/9.0.19]
2021-04-24 15:51:58,772 INFO org.apache.juli.logging.DirectJDKLog [restartedMain] Initializing Spring embedded WebApplicationContext
2021-04-24 15:51:58,773 INFO org.springframework.boot.web.servlet.context.ServletWebServerApplicationContext [restartedMain] Root WebApplicationContext: initialization completed in 3929 ms
2021-04-24 15:51:59,089 INFO com.zaxxer.hikari.HikariDataSource [restartedMain] HikariPool-1 - Starting...
2021-04-24 15:51:59,458 INFO com.zaxxer.hikari.HikariDataSource [restartedMain] HikariPool-1 - Start completed.
2021-04-24 15:51:59,565 INFO org.hibernate.jpa.internal.util.LogHelper [restartedMain] HHH000204: Processing PersistenceUnitInfo [
	name: default
	...]
2021-04-24 15:51:59,691 INFO org.hibernate.Version [restartedMain] HHH000412: Hibernate Core {5.3.10.Final}
2021-04-24 15:51:59,694 INFO org.hibernate.cfg.Environment [restartedMain] HHH000206: hibernate.properties not found
2021-04-24 15:51:59,976 INFO org.hibernate.annotations.common.reflection.java.JavaReflectionManager [restartedMain] HCANN000001: Hibernate Commons Annotations {5.0.4.Final}
2021-04-24 15:52:00,323 INFO org.hibernate.dialect.Dialect [restartedMain] HHH000400: Using dialect: org.hibernate.dialect.H2Dialect
2021-04-24 15:52:02,077 INFO org.springframework.orm.jpa.AbstractEntityManagerFactoryBean [restartedMain] Initialized JPA EntityManagerFactory for persistence unit 'default'
2021-04-24 15:52:03,279 INFO org.springframework.boot.devtools.autoconfigure.OptionalLiveReloadServer [restartedMain] LiveReload server is running on port 35729
2021-04-24 15:52:04,029 WARN org.springframework.boot.autoconfigure.orm.jpa.JpaBaseConfiguration$JpaWebConfiguration$JpaWebMvcConfiguration [restartedMain] spring.jpa.open-in-view is enabled by default. Therefore, database queries may be performed during view rendering. Explicitly configure spring.jpa.open-in-view to disable this warning
2021-04-24 15:52:04,178 INFO org.springframework.security.web.DefaultSecurityFilterChain [restartedMain] Creating filter chain: any request, [org.springframework.security.web.context.request.async.WebAsyncManagerIntegrationFilter@62186ad5, org.springframework.security.web.context.SecurityContextPersistenceFilter@48ff43f, org.springframework.security.web.header.HeaderWriterFilter@b633cc8, org.springframework.web.filter.CorsFilter@2ba523a4, org.springframework.security.web.authentication.logout.LogoutFilter@4c12d2ee, com.example.demo.security.JWTAuthenticationFilter@4f1403b, com.example.demo.security.JWTAuthenticationVerficationFilter@64913cfe, org.springframework.security.web.savedrequest.RequestCacheAwareFilter@b7a0125, org.springframework.security.web.servletapi.SecurityContextHolderAwareRequestFilter@6517c452, org.springframework.security.web.authentication.AnonymousAuthenticationFilter@457ebc7b, org.springframework.security.web.session.SessionManagementFilter@532ab5bd, org.springframework.security.web.access.ExceptionTranslationFilter@1b79546a, org.springframework.security.web.access.intercept.FilterSecurityInterceptor@f9be691]
2021-04-24 15:52:04,488 INFO org.springframework.scheduling.concurrent.ExecutorConfigurationSupport [restartedMain] Initializing ExecutorService 'applicationTaskExecutor'
2021-04-24 15:52:05,364 INFO org.apache.juli.logging.DirectJDKLog [restartedMain] Starting ProtocolHandler ["http-nio-8080"]
2021-04-24 15:52:05,465 INFO org.springframework.boot.web.embedded.tomcat.TomcatWebServer [restartedMain] Tomcat started on port(s): 8080 (http) with context path ''
2021-04-24 15:52:05,469 INFO org.springframework.boot.StartupInfoLogger [restartedMain] Started SuperstoreApplication in 11.414 seconds (JVM running for 12.272)
2021-04-24 15:52:40,936 INFO org.apache.juli.logging.DirectJDKLog [http-nio-8080-exec-10] Initializing Spring DispatcherServlet 'dispatcherServlet'
2021-04-24 15:52:40,938 INFO org.springframework.web.servlet.FrameworkServlet [http-nio-8080-exec-10] Initializing Servlet 'dispatcherServlet'
2021-04-24 15:52:40,949 INFO org.springframework.web.servlet.FrameworkServlet [http-nio-8080-exec-10] Completed initialization in 11 ms
2021-04-24 15:52:41,389 INFO com.example.demo.controllers.UserController [http-nio-8080-exec-10] New user test created
2021-04-24 15:52:55,919 INFO org.hibernate.hql.internal.QueryTranslatorFactoryInitiator [http-nio-8080-exec-8] HHH000397: Using ASTQueryTranslatorFactory
2021-04-24 15:53:52,118 ERROR com.example.demo.controllers.OrderController [http-nio-8080-exec-6] Order cannot be submitted for user anotherUser , user not found
2021-04-24 16:42:04,263 WARN com.zaxxer.hikari.pool.HikariPool$HouseKeeper [HikariPool-1 housekeeper] HikariPool-1 - Thread starvation or clock leap detected (housekeeper delta=36m34s696ms498µs100ns).
